2026-05-05T21:58:35.779+02:00 INFO  12168 --- [main] h.c.r.RecruitifyApplication : Starting RecruitifyApplication using Java 17.0.12 with PID 12168 (C:\Users\support\Desktop\projects\recruitify\target\classes started by simbarashe sandi in C:\Users\support\Desktop\projects\recruitify)
2026-05-05T21:58:35.791+02:00 INFO  12168 --- [main] h.c.r.RecruitifyApplication : No active profile set, falling back to 1 default profile: "default"
2026-05-05T21:58:35.868+02:00 INFO  12168 --- [background-preinit] o.h.v.i.u.Version : HV000001: Hibernate Validator 9.0.1.Final
2026-05-05T21:58:36.237+02:00 INFO  12168 --- [main] o.s.d.r.c.RepositoryConfigurationDelegate : Bootstrapping Spring Data R2DBC repositories in DEFAULT mode.
2026-05-05T21:58:36.364+02:00 INFO  12168 --- [main] o.s.d.r.c.RepositoryConfigurationDelegate : Finished Spring Data repository scanning in 121 ms. Found 8 R2DBC repository interfaces.
2026-05-05T21:58:36.857+02:00 INFO  12168 --- [main] h.c.r.RecruitifyApplication : Logs directory created/verified
2026-05-05T21:58:37.381+02:00 INFO  12168 --- [main] h.c.r.s.CvExtractionService : CV upload directory created/verified: uploads/cv/
2026-05-05T21:58:37.404+02:00 INFO  12168 --- [main] h.c.r.s.ProfileService : Profile picture directory created/verified: uploads/profile/
2026-05-05T21:58:37.740+02:00 ERROR 12168 --- [reactor-tcp-nio-1] i.r.p.c.ReactorNettyClient : Connection Error
java.net.SocketException: Connection reset
	at java.base/sun.nio.ch.SocketChannelImpl.throwConnectionReset(SocketChannelImpl.java:394)
	at java.base/sun.nio.ch.SocketChannelImpl.read(SocketChannelImpl.java:426)
	at io.netty.buffer.AdaptivePoolingAllocator$AdaptiveByteBuf.setBytes(AdaptivePoolingAllocator.java:1750)
	at io.netty.buffer.AbstractByteBuf.writeBytes(AbstractByteBuf.java:1139)
	at io.netty.channel.socket.nio.NioSocketChannel.doReadBytes(NioSocketChannel.java:350)
	at io.netty.channel.nio.AbstractNioByteChannel$NioByteUnsafe.read(AbstractNioByteChannel.java:157)
	at io.netty.channel.nio.AbstractNioChannel$AbstractNioUnsafe.handle(AbstractNioChannel.java:445)
	at io.netty.channel.nio.NioIoHandler$DefaultNioRegistration.handle(NioIoHandler.java:388)
	at io.netty.channel.nio.NioIoHandler.processSelectedKey(NioIoHandler.java:596)
	at io.netty.channel.nio.NioIoHandler.processSelectedKeysOptimized(NioIoHandler.java:571)
	at io.netty.channel.nio.NioIoHandler.processSelectedKeys(NioIoHandler.java:512)
	at io.netty.channel.nio.NioIoHandler.run(NioIoHandler.java:484)
	at io.netty.channel.SingleThreadIoEventLoop.runIo(SingleThreadIoEventLoop.java:225)
	at io.netty.channel.SingleThreadIoEventLoop.run(SingleThreadIoEventLoop.java:196)
	at io.netty.util.concurrent.SingleThreadEventExecutor$5.run(SingleThreadEventExecutor.java:1195)
	at io.netty.util.internal.ThreadExecutorMap$2.run(ThreadExecutorMap.java:74)
	at io.netty.util.concurrent.FastThreadLocalRunnable.run(FastThreadLocalRunnable.java:30)
	at java.base/java.lang.Thread.run(Thread.java:842)
2026-05-05T21:58:37.779+02:00 WARN  12168 --- [main] o.s.b.w.s.r.c.AnnotationConfigReactiveWebServerApplicationContext : Exception encountered during context initialization - cancelling refresh attempt: org.springframework.beans.factory.BeanCreationException: Error creating bean with name 'connectionFactoryInitializer' defined in class path resource [hit400/cleo/recruitify/config/R2dbcInitConfig.class]: Failed to execute database script
2026-05-05T21:58:37.781+02:00 ERROR 12168 --- [reactor-tcp-nio-2] i.r.p.c.ReactorNettyClient : Connection Error
java.net.SocketException: Connection reset
	at java.base/sun.nio.ch.SocketChannelImpl.throwConnectionReset(SocketChannelImpl.java:394)
	at java.base/sun.nio.ch.SocketChannelImpl.read(SocketChannelImpl.java:426)
	at io.netty.buffer.AdaptivePoolingAllocator$AdaptiveByteBuf.setBytes(AdaptivePoolingAllocator.java:1750)
	at io.netty.buffer.AbstractByteBuf.writeBytes(AbstractByteBuf.java:1139)
	at io.netty.channel.socket.nio.NioSocketChannel.doReadBytes(NioSocketChannel.java:350)
	at io.netty.channel.nio.AbstractNioByteChannel$NioByteUnsafe.read(AbstractNioByteChannel.java:157)
	at io.netty.channel.nio.AbstractNioChannel$AbstractNioUnsafe.handle(AbstractNioChannel.java:445)
	at io.netty.channel.nio.NioIoHandler$DefaultNioRegistration.handle(NioIoHandler.java:388)
	at io.netty.channel.nio.NioIoHandler.processSelectedKey(NioIoHandler.java:596)
	at io.netty.channel.nio.NioIoHandler.processSelectedKeysOptimized(NioIoHandler.java:571)
	at io.netty.channel.nio.NioIoHandler.processSelectedKeys(NioIoHandler.java:512)
	at io.netty.channel.nio.NioIoHandler.run(NioIoHandler.java:484)
	at io.netty.channel.SingleThreadIoEventLoop.runIo(SingleThreadIoEventLoop.java:225)
	at io.netty.channel.SingleThreadIoEventLoop.run(SingleThreadIoEventLoop.java:196)
	at io.netty.util.concurrent.SingleThreadEventExecutor$5.run(SingleThreadEventExecutor.java:1195)
	at io.netty.util.internal.ThreadExecutorMap$2.run(ThreadExecutorMap.java:74)
	at io.netty.util.concurrent.FastThreadLocalRunnable.run(FastThreadLocalRunnable.java:30)
	at java.base/java.lang.Thread.run(Thread.java:842)
2026-05-05T21:58:37.786+02:00 ERROR 12168 --- [reactor-tcp-nio-3] i.r.p.c.ReactorNettyClient : Connection Error
java.net.SocketException: Connection reset
	at java.base/sun.nio.ch.SocketChannelImpl.throwConnectionReset(SocketChannelImpl.java:394)
	at java.base/sun.nio.ch.SocketChannelImpl.read(SocketChannelImpl.java:426)
	at io.netty.buffer.AdaptivePoolingAllocator$AdaptiveByteBuf.setBytes(AdaptivePoolingAllocator.java:1750)
	at io.netty.buffer.AbstractByteBuf.writeBytes(AbstractByteBuf.java:1139)
	at io.netty.channel.socket.nio.NioSocketChannel.doReadBytes(NioSocketChannel.java:350)
	at io.netty.channel.nio.AbstractNioByteChannel$NioByteUnsafe.read(AbstractNioByteChannel.java:157)
	at io.netty.channel.nio.AbstractNioChannel$AbstractNioUnsafe.handle(AbstractNioChannel.java:445)
	at io.netty.channel.nio.NioIoHandler$DefaultNioRegistration.handle(NioIoHandler.java:388)
	at io.netty.channel.nio.NioIoHandler.processSelectedKey(NioIoHandler.java:596)
	at io.netty.channel.nio.NioIoHandler.processSelectedKeysOptimized(NioIoHandler.java:571)
	at io.netty.channel.nio.NioIoHandler.processSelectedKeys(NioIoHandler.java:512)
	at io.netty.channel.nio.NioIoHandler.run(NioIoHandler.java:484)
	at io.netty.channel.SingleThreadIoEventLoop.runIo(SingleThreadIoEventLoop.java:225)
	at io.netty.channel.SingleThreadIoEventLoop.run(SingleThreadIoEventLoop.java:196)
	at io.netty.util.concurrent.SingleThreadEventExecutor$5.run(SingleThreadEventExecutor.java:1195)
	at io.netty.util.internal.ThreadExecutorMap$2.run(ThreadExecutorMap.java:74)
	at io.netty.util.concurrent.FastThreadLocalRunnable.run(FastThreadLocalRunnable.java:30)
	at java.base/java.lang.Thread.run(Thread.java:842)
2026-05-05T21:58:37.790+02:00 INFO  12168 --- [main] o.s.b.a.l.ConditionEvaluationReportLogger : 

Error starting ApplicationContext. To display the condition evaluation report re-run your application with 'debug' enabled.
2026-05-05T21:58:37.806+02:00 ERROR 12168 --- [main] o.s.b.SpringApplication : Application run failed
org.springframework.beans.factory.BeanCreationException: Error creating bean with name 'connectionFactoryInitializer' defined in class path resource [hit400/cleo/recruitify/config/R2dbcInitConfig.class]: Failed to execute database script
	at org.springframework.beans.factory.support.AbstractAutowireCapableBeanFactory.initializeBean(AbstractAutowireCapableBeanFactory.java:1817)
	at org.springframework.beans.factory.support.AbstractAutowireCapableBeanFactory.doCreateBean(AbstractAutowireCapableBeanFactory.java:603)
	at org.springframework.beans.factory.support.AbstractAutowireCapableBeanFactory.createBean(AbstractAutowireCapableBeanFactory.java:525)
	at org.springframework.beans.factory.support.AbstractBeanFactory.lambda$doGetBean$0(AbstractBeanFactory.java:333)
	at org.springframework.beans.factory.support.DefaultSingletonBeanRegistry.getSingleton(DefaultSingletonBeanRegistry.java:371)
	at org.springframework.beans.factory.support.AbstractBeanFactory.doGetBean(AbstractBeanFactory.java:331)
	at org.springframework.beans.factory.support.AbstractBeanFactory.getBean(AbstractBeanFactory.java:196)
	at org.springframework.beans.factory.support.DefaultListableBeanFactory.instantiateSingleton(DefaultListableBeanFactory.java:1218)
	at org.springframework.beans.factory.support.DefaultListableBeanFactory.preInstantiateSingleton(DefaultListableBeanFactory.java:1184)
	at org.springframework.beans.factory.support.DefaultListableBeanFactory.preInstantiateSingletons(DefaultListableBeanFactory.java:1121)
	at org.springframework.context.support.AbstractApplicationContext.finishBeanFactoryInitialization(AbstractApplicationContext.java:993)
	at org.springframework.context.support.AbstractApplicationContext.refresh(AbstractApplicationContext.java:620)
	at org.springframework.boot.web.server.reactive.context.ReactiveWebServerApplicationContext.refresh(ReactiveWebServerApplicationContext.java:69)
	at org.springframework.boot.SpringApplication.refresh(SpringApplication.java:756)
	at org.springframework.boot.SpringApplication.refreshContext(SpringApplication.java:445)
	at org.springframework.boot.SpringApplication.run(SpringApplication.java:321)
	at org.springframework.boot.SpringApplication.run(SpringApplication.java:1365)
	at org.springframework.boot.SpringApplication.run(SpringApplication.java:1354)
	at hit400.cleo.recruitify.RecruitifyApplication.main(RecruitifyApplication.java:38)
Caused by: org.springframework.r2dbc.connection.init.UncategorizedScriptException: Failed to execute database script
	at org.springframework.r2dbc.connection.init.DatabasePopulator.lambda$populate$4(DatabasePopulator.java:65)
	at reactor.core.publisher.Mono.lambda$onErrorMap$0(Mono.java:3841)
	at reactor.core.publisher.Mono.lambda$onErrorResume$0(Mono.java:3931)
	at reactor.core.publisher.FluxOnErrorResume$ResumeSubscriber.onError(FluxOnErrorResume.java:95)
	at reactor.core.publisher.MonoUsingWhen$ResourceSubscriber.onError(MonoUsingWhen.java:206)
	at reactor.core.publisher.FluxOnErrorResume$ResumeSubscriber.onError(FluxOnErrorResume.java:107)
	at reactor.core.publisher.Operators.error(Operators.java:198)
	at reactor.core.publisher.MonoError.subscribe(MonoError.java:54)
	at reactor.core.publisher.Mono.subscribe(Mono.java:4569)
	at reactor.core.publisher.FluxOnErrorResume$ResumeSubscriber.onError(FluxOnErrorResume.java:104)
	at reactor.core.publisher.FluxOnErrorResume$ResumeSubscriber.onError(FluxOnErrorResume.java:107)
	at reactor.core.publisher.FluxRetry$RetrySubscriber.onError(FluxRetry.java:97)
	at reactor.core.publisher.MonoFlatMap$FlatMapMain.onError(MonoFlatMap.java:181)
	at reactor.pool.AbstractPool$Borrower.fail(AbstractPool.java:478)
	at reactor.pool.SimpleDequePool.lambda$drainLoop$9(SimpleDequePool.java:444)
	at reactor.core.publisher.FluxDoOnEach$DoOnEachSubscriber.onError(FluxDoOnEach.java:186)
	at reactor.core.publisher.MonoSubscribeOn$SubscribeOnSubscriber.onError(MonoSubscribeOn.java:155)
	at reactor.core.publisher.FluxMapFuseable$MapFuseableSubscriber.onError(FluxMapFuseable.java:143)
	at reactor.core.publisher.FluxContextWrite$ContextWriteSubscriber.onError(FluxContextWrite.java:123)
	at reactor.core.publisher.MonoSingle$SingleSubscriber.onError(MonoSingle.java:151)
	at io.r2dbc.postgresql.util.FluxDiscardOnCancel$FluxDiscardOnCancelSubscriber.onError(FluxDiscardOnCancel.java:97)
	at reactor.core.publisher.FluxOnErrorResume$ResumeSubscriber.onError(FluxOnErrorResume.java:107)
	at reactor.core.publisher.Operators.error(Operators.java:198)
	at reactor.core.publisher.MonoError.subscribe(MonoError.java:54)
	at reactor.core.publisher.Mono.subscribe(Mono.java:4569)
	at reactor.core.publisher.FluxOnErrorResume$ResumeSubscriber.onError(FluxOnErrorResume.java:104)
	at reactor.core.publisher.MonoFlatMap$FlatMapMain.onError(MonoFlatMap.java:181)
	at reactor.core.publisher.MonoDelayUntil$DelayUntilTrigger.onError(MonoDelayUntil.java:525)
	at reactor.core.publisher.FluxHandle$HandleSubscriber.onError(FluxHandle.java:216)
	at reactor.core.publisher.FluxHandle$HandleSubscriber.onNext(FluxHandle.java:138)
	at reactor.core.publisher.MonoFlatMapMany$FlatMapManyInner.onNext(MonoFlatMapMany.java:252)
	at reactor.core.publisher.FluxHandle$HandleSubscriber.onNext(FluxHandle.java:132)
	at reactor.core.publisher.FluxCreate$BufferAsyncSink.drain(FluxCreate.java:890)
	at reactor.core.publisher.FluxCreate$BufferAsyncSink.next(FluxCreate.java:815)
	at reactor.core.publisher.FluxCreate$SerializedFluxSink.next(FluxCreate.java:165)
	at io.r2dbc.postgresql.client.ReactorNettyClient$Conversation.emit(ReactorNettyClient.java:717)
	at io.r2dbc.postgresql.client.ReactorNettyClient$BackendMessageSubscriber.emit(ReactorNettyClient.java:969)
	at io.r2dbc.postgresql.client.ReactorNettyClient$BackendMessageSubscriber.onNext(ReactorNettyClient.java:843)
	at io.r2dbc.postgresql.client.ReactorNettyClient$BackendMessageSubscriber.onNext(ReactorNettyClient.java:749)
	at reactor.core.publisher.FluxHandle$HandleSubscriber.onNext(FluxHandle.java:132)
	at reactor.core.publisher.FluxPeekFuseable$PeekConditionalSubscriber.onNext(FluxPeekFuseable.java:850)
	at reactor.core.publisher.FluxMap$MapConditionalSubscriber.onNext(FluxMap.java:224)
	at reactor.core.publisher.FluxMap$MapConditionalSubscriber.onNext(FluxMap.java:224)
	at reactor.netty.channel.FluxReceive.drainReceiver(FluxReceive.java:296)
	at reactor.netty.channel.FluxReceive.onInboundNext(FluxReceive.java:407)
	at reactor.netty.channel.ChannelOperations.onInboundNext(ChannelOperations.java:445)
	at reactor.netty.channel.ChannelOperationsHandler.channelRead(ChannelOperationsHandler.java:115)
	at io.netty.channel.AbstractChannelHandlerContext.fireChannelRead(AbstractChannelHandlerContext.java:356)
	at io.netty.handler.codec.ByteToMessageDecoder.fireChannelRead(ByteToMessageDecoder.java:361)
	at io.netty.handler.codec.ByteToMessageDecoder.channelRead(ByteToMessageDecoder.java:325)
	at io.netty.channel.AbstractChannelHandlerContext.fireChannelRead(AbstractChannelHandlerContext.java:356)
	at io.netty.channel.DefaultChannelPipeline$HeadContext.channelRead(DefaultChannelPipeline.java:1429)
	at io.netty.channel.DefaultChannelPipeline.fireChannelRead(DefaultChannelPipeline.java:918)
	at io.netty.channel.nio.AbstractNioByteChannel$NioByteUnsafe.read(AbstractNioByteChannel.java:172)
	at io.netty.channel.nio.AbstractNioChannel$AbstractNioUnsafe.handle(AbstractNioChannel.java:445)
	at io.netty.channel.nio.NioIoHandler$DefaultNioRegistration.handle(NioIoHandler.java:388)
	at io.netty.channel.nio.NioIoHandler.processSelectedKey(NioIoHandler.java:596)
	at io.netty.channel.nio.NioIoHandler.processSelectedKeysOptimized(NioIoHandler.java:571)
	at io.netty.channel.nio.NioIoHandler.processSelectedKeys(NioIoHandler.java:512)
	at io.netty.channel.nio.NioIoHandler.run(NioIoHandler.java:484)
	at io.netty.channel.SingleThreadIoEventLoop.runIo(SingleThreadIoEventLoop.java:225)
	at io.netty.channel.SingleThreadIoEventLoop.run(SingleThreadIoEventLoop.java:196)
	at io.netty.util.concurrent.SingleThreadEventExecutor$5.run(SingleThreadEventExecutor.java:1195)
	at io.netty.util.internal.ThreadExecutorMap$2.run(ThreadExecutorMap.java:74)
	at io.netty.util.concurrent.FastThreadLocalRunnable.run(FastThreadLocalRunnable.java:30)
	at java.base/java.lang.Thread.run(Thread.java:842)
	Suppressed: java.lang.Exception: #block terminated with an error
		at reactor.core.publisher.BlockingSingleSubscriber.blockingGet(BlockingSingleSubscriber.java:104)
		at reactor.core.publisher.Mono.block(Mono.java:1773)
		at org.springframework.r2dbc.connection.init.ConnectionFactoryInitializer.execute(ConnectionFactoryInitializer.java:109)
		at org.springframework.r2dbc.connection.init.ConnectionFactoryInitializer.afterPropertiesSet(ConnectionFactoryInitializer.java:94)
		at org.springframework.beans.factory.support.AbstractAutowireCapableBeanFactory.invokeInitMethods(AbstractAutowireCapableBeanFactory.java:1864)
		at org.springframework.beans.factory.support.AbstractAutowireCapableBeanFactory.initializeBean(AbstractAutowireCapableBeanFactory.java:1813)
		at org.springframework.beans.factory.support.AbstractAutowireCapableBeanFactory.doCreateBean(AbstractAutowireCapableBeanFactory.java:603)
		at org.springframework.beans.factory.support.AbstractAutowireCapableBeanFactory.createBean(AbstractAutowireCapableBeanFactory.java:525)
		at org.springframework.beans.factory.support.AbstractBeanFactory.lambda$doGetBean$0(AbstractBeanFactory.java:333)
		at org.springframework.beans.factory.support.DefaultSingletonBeanRegistry.getSingleton(DefaultSingletonBeanRegistry.java:371)
		at org.springframework.beans.factory.support.AbstractBeanFactory.doGetBean(AbstractBeanFactory.java:331)
		at org.springframework.beans.factory.support.AbstractBeanFactory.getBean(AbstractBeanFactory.java:196)
		at org.springframework.beans.factory.support.DefaultListableBeanFactory.instantiateSingleton(DefaultListableBeanFactory.java:1218)
		at org.springframework.beans.factory.support.DefaultListableBeanFactory.preInstantiateSingleton(DefaultListableBeanFactory.java:1184)
		at org.springframework.beans.factory.support.DefaultListableBeanFactory.preInstantiateSingletons(DefaultListableBeanFactory.java:1121)
		at org.springframework.context.support.AbstractApplicationContext.finishBeanFactoryInitialization(AbstractApplicationContext.java:993)
		at org.springframework.context.support.AbstractApplicationContext.refresh(AbstractApplicationContext.java:620)
		at org.springframework.boot.web.server.reactive.context.ReactiveWebServerApplicationContext.refresh(ReactiveWebServerApplicationContext.java:69)
		at org.springframework.boot.SpringApplication.refresh(SpringApplication.java:756)
		at org.springframework.boot.SpringApplication.refreshContext(SpringApplication.java:445)
		at org.springframework.boot.SpringApplication.run(SpringApplication.java:321)
		at org.springframework.boot.SpringApplication.run(SpringApplication.java:1365)
		at org.springframework.boot.SpringApplication.run(SpringApplication.java:1354)
		at hit400.cleo.recruitify.RecruitifyApplication.main(RecruitifyApplication.java:38)
Caused by: org.springframework.dao.DataAccessResourceFailureException: Failed to obtain R2DBC Connection
	at org.springframework.r2dbc.connection.ConnectionFactoryUtils.lambda$getConnection$0(ConnectionFactoryUtils.java:102)
	at reactor.core.publisher.Mono.lambda$onErrorMap$1(Mono.java:3855)
	at reactor.core.publisher.FluxOnErrorResume$ResumeSubscriber.onError(FluxOnErrorResume.java:95)
	... 56 more
Caused by: io.r2dbc.postgresql.ExceptionFactory$PostgresqlAuthenticationFailure: password authentication failed for user "postgres"
	at io.r2dbc.postgresql.ExceptionFactory.createException(ExceptionFactory.java:86)
	at io.r2dbc.postgresql.ExceptionFactory.createException(ExceptionFactory.java:65)
	at io.r2dbc.postgresql.ExceptionFactory.handleErrorResponse(ExceptionFactory.java:132)
	at reactor.core.publisher.FluxHandle$HandleSubscriber.onNext(FluxHandle.java:116)
	... 36 more
2026-05-05T23:10:53.297+02:00 INFO  12044 --- [main] h.c.r.RecruitifyApplication : Starting RecruitifyApplication using Java 17.0.12 with PID 12044 (C:\Users\support\Desktop\projects\recruitify\target\classes started by simbarashe sandi in C:\Users\support\Desktop\projects\recruitify)
2026-05-05T23:10:53.305+02:00 INFO  12044 --- [main] h.c.r.RecruitifyApplication : No active profile set, falling back to 1 default profile: "default"
2026-05-05T23:10:53.614+02:00 INFO  12044 --- [background-preinit] o.h.v.i.u.Version : HV000001: Hibernate Validator 9.0.1.Final
2026-05-05T23:10:54.791+02:00 INFO  12044 --- [main] o.s.d.r.c.RepositoryConfigurationDelegate : Bootstrapping Spring Data R2DBC repositories in DEFAULT mode.
2026-05-05T23:10:55.300+02:00 INFO  12044 --- [main] o.s.d.r.c.RepositoryConfigurationDelegate : Finished Spring Data repository scanning in 490 ms. Found 8 R2DBC repository interfaces.
2026-05-05T23:10:57.066+02:00 INFO  12044 --- [main] h.c.r.RecruitifyApplication : Logs directory created/verified
2026-05-05T23:10:59.526+02:00 INFO  12044 --- [main] h.c.r.s.CvExtractionService : CV upload directory created/verified: uploads/cv/
2026-05-05T23:10:59.614+02:00 INFO  12044 --- [main] h.c.r.s.ProfileService : Profile picture directory created/verified: uploads/profile/
2026-05-05T23:11:00.937+02:00 ERROR 12044 --- [reactor-tcp-nio-1] i.r.p.c.ReactorNettyClient : Connection Error
java.net.SocketException: Connection reset
	at java.base/sun.nio.ch.SocketChannelImpl.throwConnectionReset(SocketChannelImpl.java:394)
	at java.base/sun.nio.ch.SocketChannelImpl.read(SocketChannelImpl.java:426)
	at io.netty.buffer.AdaptivePoolingAllocator$AdaptiveByteBuf.setBytes(AdaptivePoolingAllocator.java:1750)
	at io.netty.buffer.AbstractByteBuf.writeBytes(AbstractByteBuf.java:1139)
	at io.netty.channel.socket.nio.NioSocketChannel.doReadBytes(NioSocketChannel.java:350)
	at io.netty.channel.nio.AbstractNioByteChannel$NioByteUnsafe.read(AbstractNioByteChannel.java:157)
	at io.netty.channel.nio.AbstractNioChannel$AbstractNioUnsafe.handle(AbstractNioChannel.java:445)
	at io.netty.channel.nio.NioIoHandler$DefaultNioRegistration.handle(NioIoHandler.java:388)
	at io.netty.channel.nio.NioIoHandler.processSelectedKey(NioIoHandler.java:596)
	at io.netty.channel.nio.NioIoHandler.processSelectedKeysOptimized(NioIoHandler.java:571)
	at io.netty.channel.nio.NioIoHandler.processSelectedKeys(NioIoHandler.java:512)
	at io.netty.channel.nio.NioIoHandler.run(NioIoHandler.java:484)
	at io.netty.channel.SingleThreadIoEventLoop.runIo(SingleThreadIoEventLoop.java:225)
	at io.netty.channel.SingleThreadIoEventLoop.run(SingleThreadIoEventLoop.java:196)
	at io.netty.util.concurrent.SingleThreadEventExecutor$5.run(SingleThreadEventExecutor.java:1195)
	at io.netty.util.internal.ThreadExecutorMap$2.run(ThreadExecutorMap.java:74)
	at io.netty.util.concurrent.FastThreadLocalRunnable.run(FastThreadLocalRunnable.java:30)
	at java.base/java.lang.Thread.run(Thread.java:842)
2026-05-05T23:11:01.270+02:00 WARN  12044 --- [main] o.s.b.w.s.r.c.AnnotationConfigReactiveWebServerApplicationContext : Exception encountered during context initialization - cancelling refresh attempt: org.springframework.beans.factory.BeanCreationException: Error creating bean with name 'connectionFactoryInitializer' defined in class path resource [hit400/cleo/recruitify/config/R2dbcInitConfig.class]: Failed to execute database script
2026-05-05T23:11:01.297+02:00 ERROR 12044 --- [reactor-tcp-nio-2] i.r.p.c.ReactorNettyClient : Connection Error
java.net.SocketException: Connection reset
	at java.base/sun.nio.ch.SocketChannelImpl.throwConnectionReset(SocketChannelImpl.java:394)
	at java.base/sun.nio.ch.SocketChannelImpl.read(SocketChannelImpl.java:426)
	at io.netty.buffer.AdaptivePoolingAllocator$AdaptiveByteBuf.setBytes(AdaptivePoolingAllocator.java:1750)
	at io.netty.buffer.AbstractByteBuf.writeBytes(AbstractByteBuf.java:1139)
	at io.netty.channel.socket.nio.NioSocketChannel.doReadBytes(NioSocketChannel.java:350)
	at io.netty.channel.nio.AbstractNioByteChannel$NioByteUnsafe.read(AbstractNioByteChannel.java:157)
	at io.netty.channel.nio.AbstractNioChannel$AbstractNioUnsafe.handle(AbstractNioChannel.java:445)
	at io.netty.channel.nio.NioIoHandler$DefaultNioRegistration.handle(NioIoHandler.java:388)
	at io.netty.channel.nio.NioIoHandler.processSelectedKey(NioIoHandler.java:596)
	at io.netty.channel.nio.NioIoHandler.processSelectedKeysOptimized(NioIoHandler.java:571)
	at io.netty.channel.nio.NioIoHandler.processSelectedKeys(NioIoHandler.java:512)
	at io.netty.channel.nio.NioIoHandler.run(NioIoHandler.java:484)
	at io.netty.channel.SingleThreadIoEventLoop.runIo(SingleThreadIoEventLoop.java:225)
	at io.netty.channel.SingleThreadIoEventLoop.run(SingleThreadIoEventLoop.java:196)
	at io.netty.util.concurrent.SingleThreadEventExecutor$5.run(SingleThreadEventExecutor.java:1195)
	at io.netty.util.internal.ThreadExecutorMap$2.run(ThreadExecutorMap.java:74)
	at io.netty.util.concurrent.FastThreadLocalRunnable.run(FastThreadLocalRunnable.java:30)
	at java.base/java.lang.Thread.run(Thread.java:842)
2026-05-05T23:11:01.305+02:00 ERROR 12044 --- [reactor-tcp-nio-3] i.r.p.c.ReactorNettyClient : Connection Error
java.net.SocketException: Connection reset
	at java.base/sun.nio.ch.SocketChannelImpl.throwConnectionReset(SocketChannelImpl.java:394)
	at java.base/sun.nio.ch.SocketChannelImpl.read(SocketChannelImpl.java:426)
	at io.netty.buffer.AdaptivePoolingAllocator$AdaptiveByteBuf.setBytes(AdaptivePoolingAllocator.java:1750)
	at io.netty.buffer.AbstractByteBuf.writeBytes(AbstractByteBuf.java:1139)
	at io.netty.channel.socket.nio.NioSocketChannel.doReadBytes(NioSocketChannel.java:350)
	at io.netty.channel.nio.AbstractNioByteChannel$NioByteUnsafe.read(AbstractNioByteChannel.java:157)
	at io.netty.channel.nio.AbstractNioChannel$AbstractNioUnsafe.handle(AbstractNioChannel.java:445)
	at io.netty.channel.nio.NioIoHandler$DefaultNioRegistration.handle(NioIoHandler.java:388)
	at io.netty.channel.nio.NioIoHandler.processSelectedKey(NioIoHandler.java:596)
	at io.netty.channel.nio.NioIoHandler.processSelectedKeysOptimized(NioIoHandler.java:571)
	at io.netty.channel.nio.NioIoHandler.processSelectedKeys(NioIoHandler.java:512)
	at io.netty.channel.nio.NioIoHandler.run(NioIoHandler.java:484)
	at io.netty.channel.SingleThreadIoEventLoop.runIo(SingleThreadIoEventLoop.java:225)
	at io.netty.channel.SingleThreadIoEventLoop.run(SingleThreadIoEventLoop.java:196)
	at io.netty.util.concurrent.SingleThreadEventExecutor$5.run(SingleThreadEventExecutor.java:1195)
	at io.netty.util.internal.ThreadExecutorMap$2.run(ThreadExecutorMap.java:74)
	at io.netty.util.concurrent.FastThreadLocalRunnable.run(FastThreadLocalRunnable.java:30)
	at java.base/java.lang.Thread.run(Thread.java:842)
2026-05-05T23:11:01.413+02:00 INFO  12044 --- [main] o.s.b.a.l.ConditionEvaluationReportLogger : 

Error starting ApplicationContext. To display the condition evaluation report re-run your application with 'debug' enabled.
2026-05-05T23:11:01.575+02:00 ERROR 12044 --- [main] o.s.b.SpringApplication : Application run failed
org.springframework.beans.factory.BeanCreationException: Error creating bean with name 'connectionFactoryInitializer' defined in class path resource [hit400/cleo/recruitify/config/R2dbcInitConfig.class]: Failed to execute database script
	at org.springframework.beans.factory.support.AbstractAutowireCapableBeanFactory.initializeBean(AbstractAutowireCapableBeanFactory.java:1817)
	at org.springframework.beans.factory.support.AbstractAutowireCapableBeanFactory.doCreateBean(AbstractAutowireCapableBeanFactory.java:603)
	at org.springframework.beans.factory.support.AbstractAutowireCapableBeanFactory.createBean(AbstractAutowireCapableBeanFactory.java:525)
	at org.springframework.beans.factory.support.AbstractBeanFactory.lambda$doGetBean$0(AbstractBeanFactory.java:333)
	at org.springframework.beans.factory.support.DefaultSingletonBeanRegistry.getSingleton(DefaultSingletonBeanRegistry.java:371)
	at org.springframework.beans.factory.support.AbstractBeanFactory.doGetBean(AbstractBeanFactory.java:331)
	at org.springframework.beans.factory.support.AbstractBeanFactory.getBean(AbstractBeanFactory.java:196)
	at org.springframework.beans.factory.support.DefaultListableBeanFactory.instantiateSingleton(DefaultListableBeanFactory.java:1218)
	at org.springframework.beans.factory.support.DefaultListableBeanFactory.preInstantiateSingleton(DefaultListableBeanFactory.java:1184)
	at org.springframework.beans.factory.support.DefaultListableBeanFactory.preInstantiateSingletons(DefaultListableBeanFactory.java:1121)
	at org.springframework.context.support.AbstractApplicationContext.finishBeanFactoryInitialization(AbstractApplicationContext.java:993)
	at org.springframework.context.support.AbstractApplicationContext.refresh(AbstractApplicationContext.java:620)
	at org.springframework.boot.web.server.reactive.context.ReactiveWebServerApplicationContext.refresh(ReactiveWebServerApplicationContext.java:69)
	at org.springframework.boot.SpringApplication.refresh(SpringApplication.java:756)
	at org.springframework.boot.SpringApplication.refreshContext(SpringApplication.java:445)
	at org.springframework.boot.SpringApplication.run(SpringApplication.java:321)
	at org.springframework.boot.SpringApplication.run(SpringApplication.java:1365)
	at org.springframework.boot.SpringApplication.run(SpringApplication.java:1354)
	at hit400.cleo.recruitify.RecruitifyApplication.main(RecruitifyApplication.java:38)
Caused by: org.springframework.r2dbc.connection.init.UncategorizedScriptException: Failed to execute database script
	at org.springframework.r2dbc.connection.init.DatabasePopulator.lambda$populate$4(DatabasePopulator.java:65)
	at reactor.core.publisher.Mono.lambda$onErrorMap$0(Mono.java:3841)
	at reactor.core.publisher.Mono.lambda$onErrorResume$0(Mono.java:3931)
	at reactor.core.publisher.FluxOnErrorResume$ResumeSubscriber.onError(FluxOnErrorResume.java:95)
	at reactor.core.publisher.MonoUsingWhen$ResourceSubscriber.onError(MonoUsingWhen.java:206)
	at reactor.core.publisher.FluxOnErrorResume$ResumeSubscriber.onError(FluxOnErrorResume.java:107)
	at reactor.core.publisher.Operators.error(Operators.java:198)
	at reactor.core.publisher.MonoError.subscribe(MonoError.java:54)
	at reactor.core.publisher.Mono.subscribe(Mono.java:4569)
	at reactor.core.publisher.FluxOnErrorResume$ResumeSubscriber.onError(FluxOnErrorResume.java:104)
	at reactor.core.publisher.FluxOnErrorResume$ResumeSubscriber.onError(FluxOnErrorResume.java:107)
	at reactor.core.publisher.FluxRetry$RetrySubscriber.onError(FluxRetry.java:97)
	at reactor.core.publisher.MonoFlatMap$FlatMapMain.onError(MonoFlatMap.java:181)
	at reactor.pool.AbstractPool$Borrower.fail(AbstractPool.java:478)
	at reactor.pool.SimpleDequePool.lambda$drainLoop$9(SimpleDequePool.java:444)
	at reactor.core.publisher.FluxDoOnEach$DoOnEachSubscriber.onError(FluxDoOnEach.java:186)
	at reactor.core.publisher.MonoSubscribeOn$SubscribeOnSubscriber.onError(MonoSubscribeOn.java:155)
	at reactor.core.publisher.FluxMapFuseable$MapFuseableSubscriber.onError(FluxMapFuseable.java:143)
	at reactor.core.publisher.FluxContextWrite$ContextWriteSubscriber.onError(FluxContextWrite.java:123)
	at reactor.core.publisher.MonoSingle$SingleSubscriber.onError(MonoSingle.java:151)
	at io.r2dbc.postgresql.util.FluxDiscardOnCancel$FluxDiscardOnCancelSubscriber.onError(FluxDiscardOnCancel.java:97)
	at reactor.core.publisher.FluxOnErrorResume$ResumeSubscriber.onError(FluxOnErrorResume.java:107)
	at reactor.core.publisher.Operators.error(Operators.java:198)
	at reactor.core.publisher.MonoError.subscribe(MonoError.java:54)
	at reactor.core.publisher.Mono.subscribe(Mono.java:4569)
	at reactor.core.publisher.FluxOnErrorResume$ResumeSubscriber.onError(FluxOnErrorResume.java:104)
	at reactor.core.publisher.MonoFlatMap$FlatMapMain.onError(MonoFlatMap.java:181)
	at reactor.core.publisher.MonoDelayUntil$DelayUntilTrigger.onError(MonoDelayUntil.java:525)
	at reactor.core.publisher.FluxHandle$HandleSubscriber.onError(FluxHandle.java:216)
	at reactor.core.publisher.FluxHandle$HandleSubscriber.onNext(FluxHandle.java:138)
	at reactor.core.publisher.MonoFlatMapMany$FlatMapManyInner.onNext(MonoFlatMapMany.java:252)
	at reactor.core.publisher.FluxHandle$HandleSubscriber.onNext(FluxHandle.java:132)
	at reactor.core.publisher.FluxCreate$BufferAsyncSink.drain(FluxCreate.java:890)
	at reactor.core.publisher.FluxCreate$BufferAsyncSink.next(FluxCreate.java:815)
	at reactor.core.publisher.FluxCreate$SerializedFluxSink.next(FluxCreate.java:165)
	at io.r2dbc.postgresql.client.ReactorNettyClient$Conversation.emit(ReactorNettyClient.java:717)
	at io.r2dbc.postgresql.client.ReactorNettyClient$BackendMessageSubscriber.emit(ReactorNettyClient.java:969)
	at io.r2dbc.postgresql.client.ReactorNettyClient$BackendMessageSubscriber.onNext(ReactorNettyClient.java:843)
	at io.r2dbc.postgresql.client.ReactorNettyClient$BackendMessageSubscriber.onNext(ReactorNettyClient.java:749)
	at reactor.core.publisher.FluxHandle$HandleSubscriber.onNext(FluxHandle.java:132)
	at reactor.core.publisher.FluxPeekFuseable$PeekConditionalSubscriber.onNext(FluxPeekFuseable.java:850)
	at reactor.core.publisher.FluxMap$MapConditionalSubscriber.onNext(FluxMap.java:224)
	at reactor.core.publisher.FluxMap$MapConditionalSubscriber.onNext(FluxMap.java:224)
	at reactor.netty.channel.FluxReceive.drainReceiver(FluxReceive.java:296)
	at reactor.netty.channel.FluxReceive.onInboundNext(FluxReceive.java:407)
	at reactor.netty.channel.ChannelOperations.onInboundNext(ChannelOperations.java:445)
	at reactor.netty.channel.ChannelOperationsHandler.channelRead(ChannelOperationsHandler.java:115)
	at io.netty.channel.AbstractChannelHandlerContext.fireChannelRead(AbstractChannelHandlerContext.java:356)
	at io.netty.handler.codec.ByteToMessageDecoder.fireChannelRead(ByteToMessageDecoder.java:361)
	at io.netty.handler.codec.ByteToMessageDecoder.channelRead(ByteToMessageDecoder.java:325)
	at io.netty.channel.AbstractChannelHandlerContext.fireChannelRead(AbstractChannelHandlerContext.java:356)
	at io.netty.channel.DefaultChannelPipeline$HeadContext.channelRead(DefaultChannelPipeline.java:1429)
	at io.netty.channel.DefaultChannelPipeline.fireChannelRead(DefaultChannelPipeline.java:918)
	at io.netty.channel.nio.AbstractNioByteChannel$NioByteUnsafe.read(AbstractNioByteChannel.java:172)
	at io.netty.channel.nio.AbstractNioChannel$AbstractNioUnsafe.handle(AbstractNioChannel.java:445)
	at io.netty.channel.nio.NioIoHandler$DefaultNioRegistration.handle(NioIoHandler.java:388)
	at io.netty.channel.nio.NioIoHandler.processSelectedKey(NioIoHandler.java:596)
	at io.netty.channel.nio.NioIoHandler.processSelectedKeysOptimized(NioIoHandler.java:571)
	at io.netty.channel.nio.NioIoHandler.processSelectedKeys(NioIoHandler.java:512)
	at io.netty.channel.nio.NioIoHandler.run(NioIoHandler.java:484)
	at io.netty.channel.SingleThreadIoEventLoop.runIo(SingleThreadIoEventLoop.java:225)
	at io.netty.channel.SingleThreadIoEventLoop.run(SingleThreadIoEventLoop.java:196)
	at io.netty.util.concurrent.SingleThreadEventExecutor$5.run(SingleThreadEventExecutor.java:1195)
	at io.netty.util.internal.ThreadExecutorMap$2.run(ThreadExecutorMap.java:74)
	at io.netty.util.concurrent.FastThreadLocalRunnable.run(FastThreadLocalRunnable.java:30)
	at java.base/java.lang.Thread.run(Thread.java:842)
	Suppressed: java.lang.Exception: #block terminated with an error
		at reactor.core.publisher.BlockingSingleSubscriber.blockingGet(BlockingSingleSubscriber.java:104)
		at reactor.core.publisher.Mono.block(Mono.java:1773)
		at org.springframework.r2dbc.connection.init.ConnectionFactoryInitializer.execute(ConnectionFactoryInitializer.java:109)
		at org.springframework.r2dbc.connection.init.ConnectionFactoryInitializer.afterPropertiesSet(ConnectionFactoryInitializer.java:94)
		at org.springframework.beans.factory.support.AbstractAutowireCapableBeanFactory.invokeInitMethods(AbstractAutowireCapableBeanFactory.java:1864)
		at org.springframework.beans.factory.support.AbstractAutowireCapableBeanFactory.initializeBean(AbstractAutowireCapableBeanFactory.java:1813)
		at org.springframework.beans.factory.support.AbstractAutowireCapableBeanFactory.doCreateBean(AbstractAutowireCapableBeanFactory.java:603)
		at org.springframework.beans.factory.support.AbstractAutowireCapableBeanFactory.createBean(AbstractAutowireCapableBeanFactory.java:525)
		at org.springframework.beans.factory.support.AbstractBeanFactory.lambda$doGetBean$0(AbstractBeanFactory.java:333)
		at org.springframework.beans.factory.support.DefaultSingletonBeanRegistry.getSingleton(DefaultSingletonBeanRegistry.java:371)
		at org.springframework.beans.factory.support.AbstractBeanFactory.doGetBean(AbstractBeanFactory.java:331)
		at org.springframework.beans.factory.support.AbstractBeanFactory.getBean(AbstractBeanFactory.java:196)
		at org.springframework.beans.factory.support.DefaultListableBeanFactory.instantiateSingleton(DefaultListableBeanFactory.java:1218)
		at org.springframework.beans.factory.support.DefaultListableBeanFactory.preInstantiateSingleton(DefaultListableBeanFactory.java:1184)
		at org.springframework.beans.factory.support.DefaultListableBeanFactory.preInstantiateSingletons(DefaultListableBeanFactory.java:1121)
		at org.springframework.context.support.AbstractApplicationContext.finishBeanFactoryInitialization(AbstractApplicationContext.java:993)
		at org.springframework.context.support.AbstractApplicationContext.refresh(AbstractApplicationContext.java:620)
		at org.springframework.boot.web.server.reactive.context.ReactiveWebServerApplicationContext.refresh(ReactiveWebServerApplicationContext.java:69)
		at org.springframework.boot.SpringApplication.refresh(SpringApplication.java:756)
		at org.springframework.boot.SpringApplication.refreshContext(SpringApplication.java:445)
		at org.springframework.boot.SpringApplication.run(SpringApplication.java:321)
		at org.springframework.boot.SpringApplication.run(SpringApplication.java:1365)
		at org.springframework.boot.SpringApplication.run(SpringApplication.java:1354)
		at hit400.cleo.recruitify.RecruitifyApplication.main(RecruitifyApplication.java:38)
Caused by: org.springframework.dao.DataAccessResourceFailureException: Failed to obtain R2DBC Connection
	at org.springframework.r2dbc.connection.ConnectionFactoryUtils.lambda$getConnection$0(ConnectionFactoryUtils.java:102)
	at reactor.core.publisher.Mono.lambda$onErrorMap$1(Mono.java:3855)
	at reactor.core.publisher.FluxOnErrorResume$ResumeSubscriber.onError(FluxOnErrorResume.java:95)
	... 56 more
Caused by: io.r2dbc.postgresql.ExceptionFactory$PostgresqlAuthenticationFailure: password authentication failed for user "postgres"
	at io.r2dbc.postgresql.ExceptionFactory.createException(ExceptionFactory.java:86)
	at io.r2dbc.postgresql.ExceptionFactory.createException(ExceptionFactory.java:65)
	at io.r2dbc.postgresql.ExceptionFactory.handleErrorResponse(ExceptionFactory.java:132)
	at reactor.core.publisher.FluxHandle$HandleSubscriber.onNext(FluxHandle.java:116)
	... 36 more
2026-05-05T23:11:01.600+02:00 ERROR 12044 --- [reactor-tcp-nio-4] i.r.p.c.ReactorNettyClient : Connection Error
java.net.SocketException: Connection reset
	at java.base/sun.nio.ch.SocketChannelImpl.throwConnectionReset(SocketChannelImpl.java:394)
	at java.base/sun.nio.ch.SocketChannelImpl.read(SocketChannelImpl.java:426)
	at io.netty.buffer.AdaptivePoolingAllocator$AdaptiveByteBuf.setBytes(AdaptivePoolingAllocator.java:1750)
	at io.netty.buffer.AbstractByteBuf.writeBytes(AbstractByteBuf.java:1139)
	at io.netty.channel.socket.nio.NioSocketChannel.doReadBytes(NioSocketChannel.java:350)
	at io.netty.channel.nio.AbstractNioByteChannel$NioByteUnsafe.read(AbstractNioByteChannel.java:157)
	at io.netty.channel.nio.AbstractNioChannel$AbstractNioUnsafe.handle(AbstractNioChannel.java:445)
	at io.netty.channel.nio.NioIoHandler$DefaultNioRegistration.handle(NioIoHandler.java:388)
	at io.netty.channel.nio.NioIoHandler.processSelectedKey(NioIoHandler.java:596)
	at io.netty.channel.nio.NioIoHandler.processSelectedKeysOptimized(NioIoHandler.java:571)
	at io.netty.channel.nio.NioIoHandler.processSelectedKeys(NioIoHandler.java:512)
	at io.netty.channel.nio.NioIoHandler.run(NioIoHandler.java:484)
	at io.netty.channel.SingleThreadIoEventLoop.runIo(SingleThreadIoEventLoop.java:225)
	at io.netty.channel.SingleThreadIoEventLoop.run(SingleThreadIoEventLoop.java:196)
	at io.netty.util.concurrent.SingleThreadEventExecutor$5.run(SingleThreadEventExecutor.java:1195)
	at io.netty.util.internal.ThreadExecutorMap$2.run(ThreadExecutorMap.java:74)
	at io.netty.util.concurrent.FastThreadLocalRunnable.run(FastThreadLocalRunnable.java:30)
	at java.base/java.lang.Thread.run(Thread.java:842)
2026-05-05T23:12:22.112+02:00 INFO  16260 --- [main] h.c.r.RecruitifyApplication : Starting RecruitifyApplication using Java 17.0.12 with PID 16260 (C:\Users\support\Desktop\projects\recruitify\target\classes started by simbarashe sandi in C:\Users\support\Desktop\projects\recruitify)
2026-05-05T23:12:22.121+02:00 INFO  16260 --- [main] h.c.r.RecruitifyApplication : No active profile set, falling back to 1 default profile: "default"
2026-05-05T23:12:22.467+02:00 INFO  16260 --- [background-preinit] o.h.v.i.u.Version : HV000001: Hibernate Validator 9.0.1.Final
2026-05-05T23:12:23.895+02:00 INFO  16260 --- [main] o.s.d.r.c.RepositoryConfigurationDelegate : Bootstrapping Spring Data R2DBC repositories in DEFAULT mode.
2026-05-05T23:12:24.562+02:00 INFO  16260 --- [main] o.s.d.r.c.RepositoryConfigurationDelegate : Finished Spring Data repository scanning in 646 ms. Found 8 R2DBC repository interfaces.
2026-05-05T23:12:26.338+02:00 INFO  16260 --- [main] h.c.r.RecruitifyApplication : Logs directory created/verified
2026-05-05T23:12:28.380+02:00 INFO  16260 --- [main] h.c.r.s.CvExtractionService : CV upload directory created/verified: uploads/cv/
2026-05-05T23:12:28.469+02:00 INFO  16260 --- [main] h.c.r.s.ProfileService : Profile picture directory created/verified: uploads/profile/
2026-05-05T23:12:31.823+02:00 INFO  16260 --- [main] o.s.b.r.n.NettyWebServer : Netty started on port 8080 (http)
2026-05-05T23:12:31.854+02:00 INFO  16260 --- [main] h.c.r.RecruitifyApplication : Started RecruitifyApplication in 10.894 seconds (process running for 14.405)
2026-05-05T23:12:31.860+02:00 INFO  16260 --- [scheduling-1] h.c.v.s.VacancyClosingScheduler : Running vacancy closing scheduler
2026-05-05T23:12:31.864+02:00 WARN  16260 --- [main] o.s.c.e.SpringDocAppInitializer : SpringDoc /v3/api-docs endpoint is enabled by default. To disable it in production, set the property 'springdoc.api-docs.enabled=false'
2026-05-05T23:12:31.864+02:00 WARN  16260 --- [main] o.s.c.e.SpringDocAppInitializer : SpringDoc /swagger-ui/index.html endpoint is enabled by default. To disable it in production, set the property 'springdoc.swagger-ui.enabled=false'
2026-05-05T23:13:31.947+02:00 INFO  16260 --- [scheduling-1] h.c.v.s.VacancyClosingScheduler : Running vacancy closing scheduler
2026-05-05T23:14:31.963+02:00 INFO  16260 --- [scheduling-1] h.c.v.s.VacancyClosingScheduler : Running vacancy closing scheduler
2026-05-05T23:14:37.188+02:00 INFO  16260 --- [reactor-http-nio-6] o.s.a.AbstractOpenApiResource : Init duration for springdoc-openapi is: 2682 ms
2026-05-05T23:15:31.973+02:00 INFO  16260 --- [scheduling-1] h.c.v.s.VacancyClosingScheduler : Running vacancy closing scheduler
2026-05-05T23:16:31.984+02:00 INFO  16260 --- [scheduling-1] h.c.v.s.VacancyClosingScheduler : Running vacancy closing scheduler
2026-05-05T23:17:31.995+02:00 INFO  16260 --- [scheduling-1] h.c.v.s.VacancyClosingScheduler : Running vacancy closing scheduler
2026-05-05T23:17:32.657+02:00 INFO  16260 --- [reactor-http-nio-8] h.c.r.s.RecruiterServiceImpl : Fetching all recruiters
2026-05-05T23:17:33.002+02:00 INFO  16260 --- [reactor-http-nio-8] h.c.r.s.RecruiterServiceImpl : Fetching all recruiters
2026-05-05T23:17:33.033+02:00 INFO  16260 --- [reactor-http-nio-8] h.c.r.s.CompanyService : Fetching company: id=3
2026-05-05T23:17:33.252+02:00 INFO  16260 --- [reactor-http-nio-8] h.c.r.s.RecruiterServiceImpl : Fetching all recruiters
2026-05-05T23:17:33.413+02:00 INFO  16260 --- [reactor-http-nio-8] h.c.r.s.CompanyService : Fetching company: id=3
2026-05-05T23:17:33.557+02:00 INFO  16260 --- [reactor-http-nio-2] h.c.r.s.InterviewServiceImpl : Fetching all interviews
2026-05-05T23:17:33.638+02:00 INFO  16260 --- [reactor-http-nio-8] h.c.a.s.ApplicationServiceImpl : Fetching applications by vacancyId=5
2026-05-05T23:17:33.642+02:00 INFO  16260 --- [reactor-http-nio-2] h.c.a.s.ApplicationServiceImpl : Fetching applications by vacancyId=7
2026-05-05T23:17:33.644+02:00 INFO  16260 --- [reactor-http-nio-1] h.c.a.s.ApplicationServiceImpl : Fetching applications by vacancyId=6
2026-05-05T23:17:33.664+02:00 INFO  16260 --- [reactor-http-nio-5] h.c.a.s.ApplicationServiceImpl : Fetching applications by vacancyId=2
2026-05-05T23:17:33.660+02:00 INFO  16260 --- [reactor-http-nio-3] h.c.a.s.ApplicationServiceImpl : Fetching applications by vacancyId=1
2026-05-05T23:17:33.664+02:00 INFO  16260 --- [reactor-http-nio-4] h.c.a.s.ApplicationServiceImpl : Fetching applications by vacancyId=3
2026-05-05T23:17:33.710+02:00 INFO  16260 --- [reactor-http-nio-2] h.c.a.s.ApplicationServiceImpl : Fetching applications by vacancyId=4
2026-05-05T23:17:59.906+02:00 INFO  16260 --- [reactor-http-nio-2] h.c.r.s.RecruiterServiceImpl : Fetching all recruiters
2026-05-05T23:18:05.529+02:00 INFO  16260 --- [reactor-tcp-nio-1] h.c.r.s.ProfileService : Created account: profile id=7 email=h220057b@hit.ac.zw
2026-05-05T23:18:05.616+02:00 INFO  16260 --- [reactor-http-nio-3] h.c.r.s.InterviewServiceImpl : Fetching all interviews
2026-05-05T23:18:05.618+02:00 INFO  16260 --- [reactor-http-nio-2] h.c.a.s.ApplicationServiceImpl : Fetching applications by candidateId=7
2026-05-05T23:18:05.620+02:00 INFO  16260 --- [reactor-http-nio-1] h.c.r.s.ProfileService : Fetching profile: id=7
2026-05-05T23:18:05.622+02:00 INFO  16260 --- [reactor-http-nio-4] h.c.v.s.VacancyServiceImpl : Fetching all vacancies
2026-05-05T23:18:05.624+02:00 INFO  16260 --- [reactor-http-nio-8] h.c.r.s.CompanyService : Fetching all companies
2026-05-05T23:18:05.624+02:00 INFO  16260 --- [reactor-http-nio-5] h.c.v.s.VacancyServiceImpl : Fetching recommended vacancies: profileId=7
2026-05-05T23:18:05.642+02:00 INFO  16260 --- [reactor-http-nio-2] h.c.a.s.ApplicationServiceImpl : Fetching applications by candidateId=7
2026-05-05T23:18:16.997+02:00 INFO  16260 --- [reactor-http-nio-8] h.c.a.s.ApplicationServiceImpl : Creating application: vacancyId=7, candidateId=7
2026-05-05T23:18:17.089+02:00 INFO  16260 --- [reactor-tcp-nio-1] h.c.a.s.ApplicationServiceImpl : Application created: id=8 vacancyId=7 candidateId=7
2026-05-05T23:18:23.946+02:00 INFO  16260 --- [reactor-http-nio-8] h.c.r.s.RecruiterServiceImpl : Fetching all recruiters
2026-05-05T23:18:23.981+02:00 INFO  16260 --- [reactor-http-nio-8] h.c.r.s.CompanyService : Fetching company: id=3
2026-05-05T23:18:24.040+02:00 INFO  16260 --- [reactor-http-nio-8] h.c.r.s.RecruiterServiceImpl : Fetching all recruiters
2026-05-05T23:18:24.066+02:00 INFO  16260 --- [reactor-http-nio-8] h.c.r.s.CompanyService : Fetching company: id=3
2026-05-05T23:18:24.100+02:00 INFO  16260 --- [reactor-http-nio-2] h.c.r.s.InterviewServiceImpl : Fetching all interviews
2026-05-05T23:18:24.145+02:00 INFO  16260 --- [reactor-http-nio-2] h.c.a.s.ApplicationServiceImpl : Fetching applications by vacancyId=7
2026-05-05T23:18:24.149+02:00 INFO  16260 --- [reactor-http-nio-8] h.c.a.s.ApplicationServiceImpl : Fetching applications by vacancyId=6
2026-05-05T23:18:24.149+02:00 INFO  16260 --- [reactor-http-nio-4] h.c.a.s.ApplicationServiceImpl : Fetching applications by vacancyId=2
2026-05-05T23:18:24.149+02:00 INFO  16260 --- [reactor-http-nio-5] h.c.a.s.ApplicationServiceImpl : Fetching applications by vacancyId=5
2026-05-05T23:18:24.151+02:00 INFO  16260 --- [reactor-http-nio-3] h.c.a.s.ApplicationServiceImpl : Fetching applications by vacancyId=1
2026-05-05T23:18:24.151+02:00 INFO  16260 --- [reactor-http-nio-1] h.c.a.s.ApplicationServiceImpl : Fetching applications by vacancyId=3
2026-05-05T23:18:24.169+02:00 INFO  16260 --- [reactor-http-nio-3] h.c.a.s.ApplicationServiceImpl : Fetching applications by vacancyId=4
2026-05-05T23:18:28.486+02:00 INFO  16260 --- [reactor-http-nio-3] h.c.a.s.ApplicationServiceImpl : Fetching applications by vacancyId=7
2026-05-05T23:18:30.163+02:00 INFO  16260 --- [reactor-http-nio-3] h.c.a.s.ApplicationServiceImpl : Fetching applications by vacancyId=7
2026-05-05T23:18:32.007+02:00 INFO  16260 --- [scheduling-1] h.c.v.s.VacancyClosingScheduler : Running vacancy closing scheduler
2026-05-05T23:18:32.666+02:00 INFO  16260 --- [reactor-http-nio-3] h.c.r.s.RecruiterServiceImpl : Fetching all recruiters
2026-05-05T23:18:32.692+02:00 INFO  16260 --- [reactor-http-nio-3] h.c.r.s.CompanyService : Fetching company: id=3
2026-05-05T23:18:32.750+02:00 INFO  16260 --- [reactor-http-nio-3] h.c.r.s.RecruiterServiceImpl : Fetching all recruiters
2026-05-05T23:18:32.780+02:00 INFO  16260 --- [reactor-http-nio-3] h.c.r.s.CompanyService : Fetching company: id=3
2026-05-05T23:18:37.376+02:00 INFO  16260 --- [reactor-http-nio-3] h.c.r.s.RecruiterServiceImpl : Fetching all recruiters
2026-05-05T23:18:37.397+02:00 INFO  16260 --- [reactor-http-nio-3] h.c.r.s.CompanyService : Fetching company: id=3
2026-05-05T23:18:37.470+02:00 INFO  16260 --- [reactor-http-nio-3] h.c.r.s.RecruiterServiceImpl : Fetching all recruiters
2026-05-05T23:18:37.470+02:00 INFO  16260 --- [reactor-http-nio-1] h.c.a.s.ApplicationServiceImpl : Fetching applications by vacancyId=7
2026-05-05T23:18:37.524+02:00 INFO  16260 --- [reactor-http-nio-1] h.c.r.s.CompanyService : Fetching company: id=3
2026-05-05T23:18:42.435+02:00 INFO  16260 --- [reactor-http-nio-1] h.c.r.s.RecruiterServiceImpl : Fetching all recruiters
2026-05-05T23:18:42.446+02:00 INFO  16260 --- [reactor-http-nio-1] h.c.r.s.CompanyService : Fetching company: id=3
2026-05-05T23:18:42.493+02:00 INFO  16260 --- [reactor-http-nio-1] h.c.r.s.RecruiterServiceImpl : Fetching all recruiters
2026-05-05T23:18:42.528+02:00 INFO  16260 --- [reactor-http-nio-1] h.c.r.s.CompanyService : Fetching company: id=3
2026-05-05T23:18:52.257+02:00 INFO  16260 --- [reactor-http-nio-1] h.c.v.s.VacancyServiceImpl : Close and score triggered: vacancyId=7, forceClose=true
2026-05-05T23:18:52.302+02:00 INFO  16260 --- [reactor-tcp-nio-5] h.c.v.s.VacancyServiceImpl : Scored application id=8 candidateId=7 vacancyId=7 total=0.0 skills=0.0 education=0.0 experience=0.0 workMode=0.0 salary=0.0 other=0.0 status=Rejected
2026-05-05T23:19:03.180+02:00 INFO  16260 --- [boundedElastic-5] h.c.r.s.EmailService : Email sent to=h220057b@hit.ac.zw subject=Application Update: human resource manager
2026-05-05T23:19:03.182+02:00 INFO  16260 --- [boundedElastic-5] h.c.v.s.VacancyServiceImpl : Close and score completed: vacancyId=7
2026-05-05T23:19:32.020+02:00 INFO  16260 --- [scheduling-1] h.c.v.s.VacancyClosingScheduler : Running vacancy closing scheduler
2026-05-05T23:20:32.031+02:00 INFO  16260 --- [scheduling-1] h.c.v.s.VacancyClosingScheduler : Running vacancy closing scheduler
2026-05-05T23:21:32.039+02:00 INFO  16260 --- [scheduling-1] h.c.v.s.VacancyClosingScheduler : Running vacancy closing scheduler
2026-05-05T23:22:32.050+02:00 INFO  16260 --- [scheduling-1] h.c.v.s.VacancyClosingScheduler : Running vacancy closing scheduler
2026-05-05T23:23:32.060+02:00 INFO  16260 --- [scheduling-1] h.c.v.s.VacancyClosingScheduler : Running vacancy closing scheduler
